2023-08-27 20:54:21,439 - chaserner.utils.logger - INFO - 
    Finished simulation.  Generated:
    TRAIN: 48
    DEV: 48
    TEST: 1344
    
2023-08-27 20:54:22,324 - chaserner.utils.logger - INFO - 48 48 1344
2023-08-27 20:54:23,099 - chaserner.utils.logger - INFO - 
    Finished simulation.  Generated:
    TRAIN: 48
    DEV: 48
    TEST: 1344
    
2023-08-27 20:54:23,899 - chaserner.utils.logger - INFO - 48 48 1344
2023-08-27 20:54:30,032 - chaserner.utils.logger - INFO - Creating DataLoader with batch size: 128
2023-08-27 20:58:41,368 - chaserner.utils.logger - INFO - 
    Finished simulation.  Generated:
    TRAIN: 48
    DEV: 48
    TEST: 1344
    
2023-08-27 20:58:42,353 - chaserner.utils.logger - INFO - 48 48 1344
2023-08-27 22:33:05,625 - chaserner.utils.logger - INFO - 
    Finished simulation.  Generated:
    TRAIN: 48
    DEV: 48
    TEST: 1344
    
2023-08-27 22:33:06,768 - chaserner.utils.logger - INFO - 48 48 1344
