2023-08-28 11:17:24,907 - chaserner.utils.logger - INFO - 
    Finished simulation.  Generated:
    TRAIN: 1344
    DEV: 1344
    TEST: 1344
    
2023-08-28 11:17:25,835 - chaserner.utils.logger - INFO - 1344 1344 1344
2023-08-28 11:18:32,182 - chaserner.utils.logger - INFO - 
    Finished simulation.  Generated:
    TRAIN: 1344
    DEV: 1344
    TEST: 1344
    
2023-08-28 11:18:32,941 - chaserner.utils.logger - INFO - 1344 1344 1344
2023-08-28 11:18:41,931 - chaserner.utils.logger - INFO - Creating DataLoader with batch size: 128
2023-08-28 11:50:15,476 - chaserner.utils.logger - INFO - 
    Finished simulation.  Generated:
    TRAIN: 1344
    DEV: 1344
    TEST: 1344
    
2023-08-28 11:50:16,582 - chaserner.utils.logger - INFO - 1344 1344 1344
2023-08-28 12:36:14,490 - chaserner.utils.logger - INFO - 
    Finished simulation.  Generated:
    TRAIN: 1344
    DEV: 1344
    TEST: 1344
    
2023-08-28 12:36:15,682 - chaserner.utils.logger - INFO - 1344 1344 1344
2023-08-28 12:52:27,224 - chaserner.utils.logger - INFO - 
    Finished simulation.  Generated:
    TRAIN: 1344
    DEV: 1344
    TEST: 1344
    
2023-08-28 12:52:28,360 - chaserner.utils.logger - INFO - 1344 1344 1344
2023-08-28 12:54:32,977 - chaserner.utils.logger - INFO - 
    Finished simulation.  Generated:
    TRAIN: 1344
    DEV: 1344
    TEST: 1344
    
2023-08-28 12:54:33,799 - chaserner.utils.logger - INFO - 1344 1344 1344
2023-08-28 12:57:18,551 - chaserner.utils.logger - INFO - 
    Finished simulation.  Generated:
    TRAIN: 1344
    DEV: 1344
    TEST: 1344
    
2023-08-28 12:57:19,544 - chaserner.utils.logger - INFO - 1344 1344 1344
2023-08-28 13:04:26,653 - chaserner.utils.logger - INFO - 
    Finished simulation.  Generated:
    TRAIN: 1344
    DEV: 1344
    TEST: 1344
    
2023-08-28 13:04:27,737 - chaserner.utils.logger - INFO - 1344 1344 1344
