2023-08-28 00:12:09,248 - chaserner.utils.logger - INFO - 
    Finished simulation.  Generated:
    TRAIN: 1344
    DEV: 1344
    TEST: 1344
    
2023-08-28 00:12:10,296 - chaserner.utils.logger - INFO - 1344 1344 1344
2023-08-28 00:12:12,014 - chaserner.utils.logger - INFO - 
    Finished simulation.  Generated:
    TRAIN: 1344
    DEV: 1344
    TEST: 1344
    
2023-08-28 00:12:12,839 - chaserner.utils.logger - INFO - 1344 1344 1344
2023-08-28 00:50:19,353 - chaserner.utils.logger - INFO - 
    Finished simulation.  Generated:
    TRAIN: 1344
    DEV: 1344
    TEST: 1344
    
2023-08-28 00:50:20,456 - chaserner.utils.logger - INFO - 1344 1344 1344
2023-08-28 00:54:26,446 - chaserner.utils.logger - INFO - 
    Finished simulation.  Generated:
    TRAIN: 1344
    DEV: 1344
    TEST: 1344
    
2023-08-28 00:54:27,568 - chaserner.utils.logger - INFO - 1344 1344 1344
2023-08-28 00:54:28,520 - chaserner.utils.logger - INFO - 
    Finished simulation.  Generated:
    TRAIN: 1344
    DEV: 1344
    TEST: 1344
    
2023-08-28 00:54:29,342 - chaserner.utils.logger - INFO - 1344 1344 1344
