2023-08-27 12:13:57,137 - chaserner.utils.logger - INFO - 
    Finished simulation.  Generated:
    TRAIN: 360
    DEV: 360
    TEST: 1344
    
2023-08-27 12:13:58,399 - chaserner.utils.logger - INFO - 360 360 1344
2023-08-27 12:13:59,193 - chaserner.utils.logger - INFO - 
    Finished simulation.  Generated:
    TRAIN: 360
    DEV: 360
    TEST: 1344
    
2023-08-27 12:14:00,046 - chaserner.utils.logger - INFO - 360 360 1344
2023-08-27 12:14:16,083 - chaserner.utils.logger - INFO - Creating DataLoader with batch size: 64
2023-08-27 13:42:24,061 - chaserner.utils.logger - INFO - 
    Finished simulation.  Generated:
    TRAIN: 360
    DEV: 360
    TEST: 1344
    
2023-08-27 14:06:09,841 - chaserner.utils.logger - INFO - 
    Finished simulation.  Generated:
    TRAIN: 360
    DEV: 360
    TEST: 1344
    
